# JRE version: OpenJDK Runtime Environment (17.0.12+7) (build 17.0.12+7-Debian-2deb12u1)
# Java VM: OpenJDK 64-Bit Server VM (17.0.12+7-Debian-2deb12u1, mixed mode, sharing, tiered, compressed oops, compressed class ptrs, g1 gc, linux-amd64)
GC Precious Log:
 CPUs: 12 total, 12 available
 Memory: 15898M
 Large Page Support: Disabled
 NUMA Support: Disabled
 Compressed Oops: Enabled (Zero based)
 Heap Region Size: 2M
 Heap Min Capacity: 8M
 Heap Initial Capacity: 250M
 Heap Max Capacity: 3976M
 Pre-touch: Disabled
 Parallel Workers: 10
 Concurrent Workers: 3
 Concurrent Refinement Workers: 10
 Periodic GC: Disabled
Heap:
 garbage-first heap   total 149504K, used 88585K [0x0000000707800000, 0x0000000800000000)
  region size 2048K, 39 young (79872K), 1 survivors (2048K)
 Metaspace       used 11750K, committed 12032K, reserved 1114112K
  class space    used 1507K, committed 1664K, reserved 1048576K
GC Heap History (16 events):
Event: 0.101 GC heap before
{Heap before GC invocations=0 (full 0):
 garbage-first heap   total 260096K, used 8112K [0x0000000707800000, 0x0000000800000000)
  region size 2048K, 4 young (8192K), 0 survivors (0K)
 Metaspace       used 1646K, committed 1792K, reserved 1114112K
  class space    used 135K, committed 192K, reserved 1048576K
}
Event: 0.104 GC heap after
{Heap after GC invocations=1 (full 1):
 garbage-first heap   total 40960K, used 4466K [0x0000000707800000, 0x0000000800000000)
  region size 2048K, 0 young (0K), 0 survivors (0K)
 Metaspace       used 1646K, committed 1792K, reserved 1114112K
  class space    used 135K, committed 192K, reserved 1048576K
}
Event: 0.162 GC heap before
{Heap before GC invocations=1 (full 1):
 garbage-first heap   total 40960K, used 14706K [0x0000000707800000, 0x0000000800000000)
  region size 2048K, 5 young (10240K), 0 survivors (0K)
 Metaspace       used 2198K, committed 2368K, reserved 1114112K
  class space    used 187K, committed 256K, reserved 1048576K
}
Event: 0.164 GC heap after
{Heap after GC invocations=2 (full 1):
 garbage-first heap   total 40960K, used 5986K [0x0000000707800000, 0x0000000800000000)
  region size 2048K, 1 young (2048K), 1 survivors (2048K)
 Metaspace       used 2198K, committed 2368K, reserved 1114112K
  class space    used 187K, committed 256K, reserved 1048576K
}
Event: 0.178 GC heap before
{Heap before GC invocations=2 (full 1):
 garbage-first heap   total 40960K, used 18274K [0x0000000707800000, 0x0000000800000000)
  region size 2048K, 7 young (14336K), 1 survivors (2048K)
 Metaspace       used 2218K, committed 2368K, reserved 1114112K
  class space    used 187K, committed 256K, reserved 1048576K
}
Event: 0.180 GC heap after
{Heap after GC invocations=3 (full 1):
 garbage-first heap   total 40960K, used 7321K [0x0000000707800000, 0x0000000800000000)
  region size 2048K, 1 young (2048K), 1 survivors (2048K)
 Metaspace       used 2218K, committed 2368K, reserved 1114112K
  class space    used 187K, committed 256K, reserved 1048576K
}
Event: 0.210 GC heap before
{Heap before GC invocations=3 (full 1):
 garbage-first heap   total 40960K, used 13465K [0x0000000707800000, 0x0000000800000000)
  region size 2048K, 6 young (12288K), 1 survivors (2048K)
 Metaspace       used 2267K, committed 2432K, reserved 1114112K
  class space    used 187K, committed 256K, reserved 1048576K
}
Event: 0.218 GC heap after
{Heap after GC invocations=4 (full 2):
 garbage-first heap   total 40960K, used 8292K [0x0000000707800000, 0x0000000800000000)
  region size 2048K, 0 young (0K), 0 survivors (0K)
 Metaspace       used 2267K, committed 2432K, reserved 1114112K
  class space    used 187K, committed 256K, reserved 1048576K
}
Event: 0.390 GC heap before
{Heap before GC invocations=4 (full 2):
 garbage-first heap   total 40960K, used 18532K [0x0000000707800000, 0x0000000800000000)
  region size 2048K, 6 young (12288K), 0 survivors (0K)
 Metaspace       used 6158K, committed 6336K, reserved 1114112K
  class space    used 706K, committed 768K, reserved 1048576K
}
Event: 0.399 GC heap after
{Heap after GC invocations=5 (full 3):
 garbage-first heap   total 40960K, used 10298K [0x0000000707800000, 0x0000000800000000)
  region size 2048K, 0 young (0K), 0 survivors (0K)
 Metaspace       used 6158K, committed 6336K, reserved 1114112K
  class space    used 706K, committed 768K, reserved 1048576K
}
Event: 0.531 GC heap before
{Heap before GC invocations=5 (full 3):
 garbage-first heap   total 40960K, used 22586K [0x0000000707800000, 0x0000000800000000)
  region size 2048K, 6 young (12288K), 0 survivors (0K)
 Metaspace       used 8417K, committed 8704K, reserved 1114112K
  class space    used 931K, committed 1088K, reserved 1048576K
}
Event: 0.532 GC heap after
{Heap after GC invocations=6 (full 3):
 garbage-first heap   total 40960K, used 11395K [0x0000000707800000, 0x0000000800000000)
  region size 2048K, 1 young (2048K), 1 survivors (2048K)
 Metaspace       used 8417K, committed 8704K, reserved 1114112K
  class space    used 931K, committed 1088K, reserved 1048576K
}
Event: 0.613 GC heap before
{Heap before GC invocations=6 (full 3):
 garbage-first heap   total 40960K, used 23683K [0x0000000707800000, 0x0000000800000000)
  region size 2048K, 7 young (14336K), 1 survivors (2048K)
 Metaspace       used 9362K, committed 9664K, reserved 1114112K
  class space    used 1092K, committed 1216K, reserved 1048576K
}
Event: 0.615 GC heap after
{Heap after GC invocations=7 (full 3):
 garbage-first heap   total 40960K, used 11875K [0x0000000707800000, 0x0000000800000000)
  region size 2048K, 1 young (2048K), 1 survivors (2048K)
 Metaspace       used 9362K, committed 9664K, reserved 1114112K
  class space    used 1092K, committed 1216K, reserved 1048576K
}
Event: 0.674 GC heap before
{Heap before GC invocations=7 (full 3):
 garbage-first heap   total 40960K, used 26211K [0x0000000707800000, 0x0000000800000000)
  region size 2048K, 8 young (16384K), 1 survivors (2048K)
 Metaspace       used 9772K, committed 9984K, reserved 1114112K
  class space    used 1154K, committed 1280K, reserved 1048576K
}
Event: 0.676 GC heap after
{Heap after GC invocations=8 (full 3):
 garbage-first heap   total 149504K, used 12809K [0x0000000707800000, 0x0000000800000000)
  region size 2048K, 1 young (2048K), 1 survivors (2048K)
 Metaspace       used 9772K, committed 9984K, reserved 1114112K
  class space    used 1154K, committed 1280K, reserved 1048576K
}

